<?xml version="1.0" encoding="UTF-8"?>
<!-- Generated by org.testng.reporters.JUnitReportReporter -->
<testsuite skipped="4" hostname="LAPTOP-SW-22" name="tests.Tests" tests="5" failures="0" timestamp="22 abr 2019 20:23:53 GMT" time="9.548" errors="0">
  <testcase name="loginIncorrecto" time="9.548" classname="tests.Tests"/>
  <testcase name="login" classname="tests.Tests">
    <skipped/>
  </testcase> <!-- login -->
  <testcase name="pruebaTres" classname="tests.Tests">
    <skipped/>
  </testcase> <!-- pruebaTres -->
  <testcase name="pruebaCantidadDeCampos" classname="tests.Tests">
    <skipped/>
  </testcase> <!-- pruebaCantidadDeCampos -->
  <testcase name="pruebaTituloEnUsuario" classname="tests.Tests">
    <skipped/>
  </testcase> <!-- pruebaTituloEnUsuario -->
</testsuite> <!-- tests.Tests -->
